[2023-09-03 09:25:49] : Begin
--------------------
*MCUTYPE* : STC12C5A60S2
*MCUID* : D17E844C537D0B
*FILENAME* : E:\个人项目\长期实际项目\STC12C5A60S2-35I-LQFP48+LED+心形水晶摆台\Objects\STC12C5A60S2-35I.hex
*FILETIME* : 2023年09月03日, 09:23:10
*FILESIZE* : 224 (0x0000E0)
*CODESIZE* : 60 (0x00003C)
*CHECKSUM* : 0x00001AF5
*ISPMODE* : 2
*ISPRESULT* : 0
--------------------
[2023-09-03 09:26:13] : End
--------------------------------------------------
[2023-09-03 09:32:02] : Begin
--------------------
*MCUTYPE* : STC12C5A60S2
*MCUID* : D17E844C537D0B
*FILENAME* : E:\个人项目\长期实际项目\STC项目集\STC_Reality_Project\STC12C5A60S2-35I-LQFP48+LED+心形水晶摆台\Objects\STC12C5A60S2-35I-LQFP48+LED+心形水晶摆台.hex
*FILETIME* : 2023年09月03日, 09:31:21
*FILESIZE* : 1194 (0x0004AA)
*CODESIZE* : 376 (0x000178)
*CHECKSUM* : 0x000089D1
*ISPMODE* : 2
*ISPRESULT* : 0
--------------------
[2023-09-03 09:32:10] : End
--------------------------------------------------
[2023-09-03 09:35:58] : Begin
--------------------
*MCUTYPE* : STC12C5A60S2
*MCUID* : D17E844C537D0B
*FILENAME* : E:\个人项目\长期实际项目\STC项目集\STC_Reality_Project\STC12C5A60S2-35I-LQFP48+LED+心形水晶摆台\Objects\STC12C5A60S2-35I-LQFP48+LED+心形水晶摆台.hex
*FILETIME* : 2023年09月03日, 09:35:49
*FILESIZE* : 1194 (0x0004AA)
*CODESIZE* : 376 (0x000178)
*CHECKSUM* : 0x000089D1
*ISPMODE* : 2
*ISPRESULT* : 0
--------------------
[2023-09-03 09:36:04] : End
--------------------------------------------------
[2023-09-03 09:37:58] : Begin
--------------------
*MCUTYPE* : STC12C5A60S2
*MCUID* : D17E844C537D0B
*FILENAME* : E:\个人项目\长期实际项目\STC项目集\STC_Reality_Project\STC12C5A60S2-35I-LQFP48+LED+心形水晶摆台\Objects\STC12C5A60S2-35I-LQFP48+LED+心形水晶摆台.hex
*FILETIME* : 2023年09月03日, 09:37:47
*FILESIZE* : 1227 (0x0004CB)
*CODESIZE* : 376 (0x000178)
*CHECKSUM* : 0x000089D1
*ISPMODE* : 2
*ISPRESULT* : 0
--------------------
[2023-09-03 09:38:04] : End
--------------------------------------------------
[2023-09-03 09:39:19] : Begin
--------------------
*MCUTYPE* : STC12C5A60S2
*MCUID* : D17E844C537D0B
*FILENAME* : E:\个人项目\长期实际项目\STC项目集\STC_Reality_Project\STC12C5A60S2-35I-LQFP48+LED+心形水晶摆台\Objects\STC12C5A60S2-35I-LQFP48+LED+心形水晶摆台.hex
*FILETIME* : 2023年09月03日, 09:39:09
*FILESIZE* : 1260 (0x0004EC)
*CODESIZE* : 386 (0x000182)
*CHECKSUM* : 0x00009039
*ISPMODE* : 2
*ISPRESULT* : 0
--------------------
[2023-09-03 09:39:26] : End
--------------------------------------------------
[2023-09-03 09:45:05] : Begin
--------------------
*MCUTYPE* : STC12C5A60S2
*MCUID* : D17E844C537D0B
*FILENAME* : E:\个人项目\长期实际项目\STC项目集\STC_Reality_Project\STC12C5A60S2-35I-LQFP48+LED+心形水晶摆台\Objects\STC12C5A60S2-35I-LQFP48+LED+心形水晶摆台.hex
*FILETIME* : 2023年09月03日, 09:44:56
*FILESIZE* : 1678 (0x00068E)
*CODESIZE* : 396 (0x00018C)
*CHECKSUM* : 0x000096EF
*ISPMODE* : 2
*ISPRESULT* : 0
--------------------
[2023-09-03 09:45:11] : End
--------------------------------------------------
[2023-09-03 09:48:07] : Begin
--------------------
*MCUTYPE* : STC12C5A60S2
*MCUID* : D17E844C537D0B
*FILENAME* : E:\个人项目\长期实际项目\STC项目集\STC_Reality_Project\STC12C5A60S2-35I-LQFP48+LED+心形水晶摆台\Objects\STC12C5A60S2-35I-LQFP48+LED+心形水晶摆台.hex
*FILETIME* : 2023年09月03日, 09:47:58
*FILESIZE* : 1862 (0x000746)
*CODESIZE* : 540 (0x00021C)
*CHECKSUM* : 0x0000CD79
*ISPMODE* : 2
*ISPRESULT* : 0
--------------------
[2023-09-03 09:48:15] : End
--------------------------------------------------
[2023-09-03 09:50:09] : Begin
--------------------
*MCUTYPE* : STC12C5A60S2
*MCUID* : D17E844C537D0B
*FILENAME* : E:\个人项目\长期实际项目\STC项目集\STC_Reality_Project\STC12C5A60S2-35I-LQFP48+LED+心形水晶摆台\Objects\STC12C5A60S2-35I-LQFP48+LED+心形水晶摆台.hex
*FILETIME* : 2023年09月03日, 09:50:01
*FILESIZE* : 2142 (0x00085E)
*CODESIZE* : 593 (0x000251)
*CHECKSUM* : 0x0000D184
*ISPMODE* : 2
*ISPRESULT* : 0
--------------------
[2023-09-03 09:50:17] : End
--------------------------------------------------
[2023-09-03 10:09:54] : Begin
--------------------
*MCUTYPE* : STC12C5A60S2
*FILENAME* : E:\个人项目\长期实际项目\STC项目集\STC_Reality_Project\STC12C5A60S2-35I-LQFP48+LED+心形水晶摆台\Objects\STC12C5A60S2-35I-LQFP48+LED+心形水晶摆台.hex
*FILETIME* : 2023年09月03日, 09:50:01
*FILESIZE* : 2142 (0x00085E)
*CODESIZE* : 694 (0x0002B6)
*CHECKSUM* : 0x000104B3
*ISPMODE* : 1
*ISPRESULT* : 3
--------------------
[2023-09-03 10:10:03] : End
--------------------------------------------------
[2023-09-03 10:52:17] : Begin
--------------------
*MCUTYPE* : STC12C5A60S2
*MCUID* : D17E844C537D0B
*FILENAME* : E:\个人项目\长期实际项目\STC项目集\STC_Reality_Project\STC12C5A60S2-35I-LQFP48+LED+心形水晶摆台\Objects\STC12C5A60S2-35I-LQFP48+LED+心形水晶摆台.hex
*FILETIME* : 2023年09月03日, 10:52:05
*FILESIZE* : 3465 (0x000D89)
*CODESIZE* : 694 (0x0002B6)
*CHECKSUM* : 0x000104B3
*ISPMODE* : 2
*ISPRESULT* : 0
--------------------
[2023-09-03 10:52:24] : End
--------------------------------------------------
[2023-09-03 15:44:06] : Begin
--------------------
*MCUTYPE* : STC12C5A60S2
*MCUID* : D17E844C537D0B
*FILENAME* : E:\个人项目\长期实际项目\STC项目集\STC_Reality_Project\STC12C5A60S2-35I-LQFP48+LED+心形水晶摆台\Objects\STC12C5A60S2-35I-LQFP48+LED+心形水晶摆台.hex
*FILETIME* : 2023年09月03日, 15:43:56
*FILESIZE* : 4334 (0x0010EE)
*CODESIZE* : 1141 (0x000475)
*CHECKSUM* : 0x00019949
*ISPMODE* : 2
*ISPRESULT* : 0
--------------------
[2023-09-03 15:44:14] : End
--------------------------------------------------
[2023-09-03 15:58:05] : Begin
--------------------
*MCUTYPE* : STC12C5A60S2
*FILENAME* : E:\个人项目\单片机程序实例参考库\STC系列\STC12C5Axx-code资料\STC12C5Axx-基础例程\+二次\STC12C5A60S2 P44-P45-P46-应用例子\P44-P45-P46.hex
*FILETIME* : 2023年09月03日, 15:57:11
*FILESIZE* : 235 (0x0000EB)
*CODESIZE* : 72 (0x000048)
*CHECKSUM* : 0x000027E1
*ISPMODE* : 2
*ISPRESULT* : 3
--------------------
[2023-09-03 15:58:37] : End
--------------------------------------------------
[2023-09-03 15:59:00] : Begin
--------------------
*MCUTYPE* : STC12C5A60S2
*FILENAME* : E:\个人项目\单片机程序实例参考库\STC系列\STC12C5Axx-code资料\STC12C5Axx-基础例程\+二次\STC12C5A60S2 P44-P45-P46-应用例子\P44-P45-P46.hex
*FILETIME* : 2023年09月03日, 15:57:11
*FILESIZE* : 235 (0x0000EB)
*CODESIZE* : 72 (0x000048)
*CHECKSUM* : 0x000027E1
*ISPMODE* : 2
*ISPRESULT* : 3
--------------------
[2023-09-03 16:02:25] : End
--------------------------------------------------
[2023-09-03 16:02:27] : Begin
--------------------
*MCUTYPE* : STC12C5A60S2
*FILENAME* : E:\个人项目\单片机程序实例参考库\STC系列\STC12C5Axx-code资料\STC12C5Axx-基础例程\+二次\STC12C5A60S2 P44-P45-P46-应用例子\P44-P45-P46.hex
*FILETIME* : 2023年09月03日, 15:57:11
*FILESIZE* : 235 (0x0000EB)
*CODESIZE* : 72 (0x000048)
*CHECKSUM* : 0x000027E1
*ISPMODE* : 2
*ISPRESULT* : 3
--------------------
[2023-09-03 16:03:19] : End
--------------------------------------------------
[2023-09-03 16:03:39] : Begin
--------------------
*MCUTYPE* : STC12C5A60S2
*MCUID* : D17EC5E510C6D8
*FILENAME* : E:\个人项目\单片机程序实例参考库\STC系列\STC12C5Axx-code资料\STC12C5Axx-基础例程\+二次\STC12C5A60S2 P44-P45-P46-应用例子\P44-P45-P46.hex
*FILETIME* : 2023年09月03日, 15:57:11
*FILESIZE* : 235 (0x0000EB)
*CODESIZE* : 72 (0x000048)
*CHECKSUM* : 0x000027E1
*ISPMODE* : 2
*ISPRESULT* : 0
--------------------
[2023-09-03 16:03:45] : End
--------------------------------------------------
[2023-09-03 16:07:05] : Begin
--------------------
*MCUTYPE* : STC12C5A60S2
*MCUID* : D17EC5E510C6D8
*FILENAME* : E:\个人项目\单片机程序实例参考库\STC系列\STC12C5Axx-code资料\STC12C5Axx-基础例程\+二次\STC12C5A60S2 P44-P45-P46-应用例子\P44-P45-P46.hex
*FILETIME* : 2023年09月03日, 16:06:51
*FILESIZE* : 223 (0x0000DF)
*CODESIZE* : 72 (0x000048)
*CHECKSUM* : 0x000027E1
*ISPMODE* : 2
*ISPRESULT* : 0
--------------------
[2023-09-03 16:07:11] : End
--------------------------------------------------
