C51 COMPILER V9.60.7.0   DELAY_MS                                                          01/21/2024 10:11:51 PAGE 1   


C51 COMPILER V9.60.7.0, COMPILATION OF MODULE DELAY_MS
OBJECT MODULE PLACED IN .\Objects\delay_ms.obj
COMPILER INVOKED BY: D:\keil\C51\BIN\C51.EXE Public\delay_ms.c OPTIMIZE(8,SPEED) BROWSE INCDIR(.\Public;.\APP) DEBUG OBJ
                    -ECTEXTEND PRINT(.\Listings\delay_ms.lst) TABS(2) OBJECT(.\Objects\delay_ms.obj)

line level    source

   1          
   2          #include "delay_ms.h"
   3          
   4          void delayms(unsigned int m)
   5               {
   6   1          int  a, b;
   7   1      
   8   1         for(a=0;a<5000;a++)
   9   1         for(b=0;b<m;b++);
  10   1           
  11   1         }
  12          


MODULE INFORMATION:   STATIC OVERLAYABLE
   CODE SIZE        =     32    ----
   CONSTANT SIZE    =   ----    ----
   XDATA SIZE       =   ----    ----
   PDATA SIZE       =   ----    ----
   DATA SIZE        =   ----    ----
   IDATA SIZE       =   ----    ----
   BIT SIZE         =   ----    ----
END OF MODULE INFORMATION.


C51 COMPILATION COMPLETE.  0 WARNING(S),  0 ERROR(S)
