C51 COMPILER V9.56.0.0   74HC595D                                                          08/13/2023 10:12:53 PAGE 1   


C51 COMPILER V9.56.0.0, COMPILATION OF MODULE 74HC595D
OBJECT MODULE PLACED IN .\Objects\74HC595D.obj
COMPILER INVOKED BY: D:\keil\C51\BIN\C51.EXE APP\74HC595D.c OPTIMIZE(8,SPEED) BROWSE INCDIR(.\APP) DEBUG OBJECTEXTEND PR
                    -INT(.\Listings\74HC595D.lst) TABS(2) OBJECT(.\Objects\74HC595D.obj)

line level    source

   1          
   2          //#include <reg51.h>
   3          #include<intrins.h>
   4          #include <74HC595D.h>
   5          
   6          
   7          //对数据类型进行声明定义
   8          //typedef unsigned int u16;
   9          //typedef unsigned char u8;
  10          
  11          void Hc595SendByte(u8 dat)
  12          {
  13   1        u8 a;
  14   1        SCK=0;
  15   1        RCK=0;
  16   1        for(a=0;a<8;a++)
  17   1        {
  18   2          SER=dat>>7;
  19   2          dat<<=1;
  20   2          
  21   2          SCK=1;
  22   2          _nop_();
  23   2          _nop_();
  24   2          SCK=0;
  25   2        }
  26   1          SCK=1;
  27   1          _nop_();
  28   1          _nop_();
  29   1          SCK=0;
  30   1      }


MODULE INFORMATION:   STATIC OVERLAYABLE
   CODE SIZE        =     38    ----
   CONSTANT SIZE    =   ----    ----
   XDATA SIZE       =   ----    ----
   PDATA SIZE       =   ----    ----
   DATA SIZE        =   ----    ----
   IDATA SIZE       =   ----    ----
   BIT SIZE         =   ----    ----
END OF MODULE INFORMATION.


C51 COMPILATION COMPLETE.  0 WARNING(S),  0 ERROR(S)
