C51 COMPILER V9.56.0.0   BEEP                                                              09/03/2023 17:40:12 PAGE 1   


C51 COMPILER V9.56.0.0, COMPILATION OF MODULE BEEP
OBJECT MODULE PLACED IN .\Objects\beep.obj
COMPILER INVOKED BY: D:\keil\C51\BIN\C51.EXE APP\beep.c OPTIMIZE(8,SPEED) BROWSE INCDIR(.\APP) DEBUG OBJECTEXTEND PRINT(
                    -.\Listings\beep.lst) TABS(2) OBJECT(.\Objects\beep.obj)

line level    source

   1          
   2          #include <beep.h>
   3          #include <delay_ms.h>
   4          
   5          void Beep()   
   6          {
   7   1        Delay_ms(30);
   8   1        beep = 0;
   9   1        Delay_ms(30);
  10   1        beep = 1;
  11   1        Delay_ms(30);
  12   1        beep = 0;
  13   1        Delay_ms(30);
  14   1        beep = 1;
  15   1      }


MODULE INFORMATION:   STATIC OVERLAYABLE
   CODE SIZE        =     37    ----
   CONSTANT SIZE    =   ----    ----
   XDATA SIZE       =   ----    ----
   PDATA SIZE       =   ----    ----
   DATA SIZE        =   ----    ----
   IDATA SIZE       =   ----    ----
   BIT SIZE         =   ----    ----
END OF MODULE INFORMATION.


C51 COMPILATION COMPLETE.  0 WARNING(S),  0 ERROR(S)
