C51 COMPILER V9.56.0.0   MAIN                                                              08/13/2023 10:30:54 PAGE 1   


C51 COMPILER V9.56.0.0, COMPILATION OF MODULE MAIN
OBJECT MODULE PLACED IN .\Objects\main.obj
COMPILER INVOKED BY: D:\keil\C51\BIN\C51.EXE User\main.c OPTIMIZE(8,SPEED) BROWSE INCDIR(.\APP) DEBUG OBJECTEXTEND PRINT
                    -(.\Listings\main.lst) TABS(2) OBJECT(.\Objects\main.obj)

line level    source

   1          
   2          //#include <reg51.h>
   3          #include <74HC595D.h>
   4          //#include <delay_ms.h>
   5          
   6          //对数据类型进行声明定义
   7          //typedef unsigned int u16;
   8          //typedef unsigned char u8;
   9            
  10          void main(void)
  11          {
  12   1        
  13   1        
  14   1        Hc595SendByte(0x01);
  15   1        //P0=0x7f;
  16   1        while(1);
  17   1      //  {
  18   1      //    Hc595SendByte(0x08);
  19   1      //    Delay_ms(3);
  20   1      //    Hc595SendByte(0x02);
  21   1      //    Delay_ms(3);
  22   1      //  }
  23   1      }


MODULE INFORMATION:   STATIC OVERLAYABLE
   CODE SIZE        =      7    ----
   CONSTANT SIZE    =   ----    ----
   XDATA SIZE       =   ----    ----
   PDATA SIZE       =   ----    ----
   DATA SIZE        =   ----    ----
   IDATA SIZE       =   ----    ----
   BIT SIZE         =   ----    ----
END OF MODULE INFORMATION.


C51 COMPILATION COMPLETE.  0 WARNING(S),  0 ERROR(S)
